15:56:27.133 [main] DEBUG com.intuit.karate.Suite - [config] classpath:karate-config.js
15:56:27.142 [main] DEBUG com.intuit.karate.Suite - waiting for 2 features to complete
15:56:28.157 [pool-2-thread-3] INFO  com.intuit.karate - karate.env system property was: null 
15:56:28.157 [pool-2-thread-1] INFO  com.intuit.karate - karate.env system property was: null 
15:56:28.157 [pool-2-thread-2] INFO  com.intuit.karate - karate.env system property was: null 
15:56:28.246 [pool-2-thread-1] DEBUG com.intuit.karate.shell.Command - found / verified free local port: 5555
15:56:28.249 [safaridriver_1709240188227] DEBUG c.i.k.d.safaridriver_1709240188227 - command: [safaridriver, --port=5555], working dir: target/safaridriver_1709240188227
15:56:28.255 [pool-2-thread-1] DEBUG c.i.k.d.safaridriver_1709240188227 - poll attempt #0 for port to be ready - localhost:5555
15:56:28.512 [pool-2-thread-1] DEBUG c.i.k.d.safaridriver_1709240188227 - poll attempt #1 for port to be ready - localhost:5555
15:56:28.542 [pool-2-thread-2] DEBUG com.intuit.karate - request:
1 > GET https://jsonplaceholder.typicode.com/users
1 > Host: jsonplaceholder.typicode.com
1 > Connection: Keep-Alive
1 > User-Agent: Apache-HttpClient/4.5.14 (Java/21.0.2)
1 > Accept-Encoding: gzip,deflate


15:56:28.543 [pool-2-thread-3] DEBUG com.intuit.karate - request:
1 > POST https://jsonplaceholder.typicode.com/users
1 > Content-Type: application/json; charset=UTF-8
1 > Content-Length: 160
1 > Host: jsonplaceholder.typicode.com
1 > Connection: Keep-Alive
1 > User-Agent: Apache-HttpClient/4.5.14 (Java/21.0.2)
1 > Accept-Encoding: gzip,deflate
{"name":"Test User","username":"testuser","email":"test@user.com","address":{"street":"Has No Name","suite":"Apt. 123","city":"Electri","zipcode":"54321-6789"}}

15:56:28.767 [pool-2-thread-1] DEBUG c.i.k.d.safaridriver_1709240188227 - poll attempt #2 for port to be ready - localhost:5555
15:56:28.783 [pool-2-thread-1] DEBUG com.intuit.karate - request:
1 > POST http://localhost:5555/session
1 > Content-Type: application/json; charset=UTF-8
1 > Content-Length: 57
1 > Host: localhost:5555
1 > Connection: Keep-Alive
1 > User-Agent: Apache-HttpClient/4.5.14 (Java/21.0.2)
1 > Accept-Encoding: gzip,deflate
{"capabilities":{"alwaysMatch":{"browserName":"safari"}}}

15:56:29.549 [pool-2-thread-1] DEBUG com.intuit.karate - response time in milliseconds: 762
1 < 200
1 < Server: safaridriver [17617.2.4.11.12]
1 < Content-Type: application/json; charset=utf-8
1 < Date: Thu, 29 Feb 2024 20:56:29 GMT
1 < Accept-Ranges: bytes
1 < Content-Length: 520
1 < Cache-Control: no-cache
1 < Connection: keep-alive
{"value":{"sessionId":"105D0BD9-99C5-4625-82DE-DF87E381878B","capabilities":{"safari:platformVersion":"12.7.3","safari:automaticInspection":false,"webkit:WebRTC":{"DisableICECandidateFiltering":false,"DisableInsecureMediaCapture":false},"browserVersion":"17.3.1","strictFileInteractability":false,"browserName":"Safari","safari:useSimulator":false,"safari:automaticProfiling":false,"safari:platformBuildVersion":"21H1015","acceptInsecureCerts":false,"setWindowRect":true,"platformName":"macOS","safari:diagnose":false}}}

15:56:29.558 [pool-2-thread-1] DEBUG c.i.k.d.safaridriver_1709240188227 - init session id: 105D0BD9-99C5-4625-82DE-DF87E381878B
15:56:29.719 [pool-2-thread-1] DEBUG com.intuit.karate - request:
2 > POST http://localhost:5555/session/105D0BD9-99C5-4625-82DE-DF87E381878B/url
2 > Content-Type: application/json; charset=UTF-8
2 > Content-Length: 34
2 > Host: localhost:5555
2 > Connection: Keep-Alive
2 > User-Agent: Apache-HttpClient/4.5.14 (Java/21.0.2)
2 > Accept-Encoding: gzip,deflate
{"url":"https:\/\/www.google.com"}

15:56:30.628 [pool-2-thread-2] DEBUG com.intuit.karate - response time in milliseconds: 2083
1 < 200
1 < Date: Thu, 29 Feb 2024 20:56:30 GMT
1 < Content-Type: application/json; charset=utf-8
1 < Transfer-Encoding: chunked
1 < Connection: keep-alive
1 < Report-To: {"group":"heroku-nel","max_age":3600,"endpoints":[{"url":"https://nel.heroku.com/reports?ts=1701426839&sid=e11707d5-02a7-43ef-b45e-2cf4d2036f7d&s=PGoKOSN0CqYeAdSQvrV2xQITcyazEgoaeqz0SaZ2MsQ%3D"}]}
1 < Reporting-Endpoints: heroku-nel=https://nel.heroku.com/reports?ts=1701426839&sid=e11707d5-02a7-43ef-b45e-2cf4d2036f7d&s=PGoKOSN0CqYeAdSQvrV2xQITcyazEgoaeqz0SaZ2MsQ%3D
1 < Nel: {"report_to":"heroku-nel","max_age":3600,"success_fraction":0.005,"failure_fraction":0.05,"response_headers":["Via"]}
1 < X-Powered-By: Express
1 < X-Ratelimit-Limit: 1000
1 < X-Ratelimit-Remaining: 999
1 < X-Ratelimit-Reset: 1701426869
1 < Vary: Origin, Accept-Encoding
1 < Access-Control-Allow-Credentials: true
1 < Cache-Control: max-age=43200
1 < Pragma: no-cache
1 < Expires: -1
1 < X-Content-Type-Options: nosniff
1 < Etag: W/"160d-1eMSsxeJRfnVLRBmYJSbCiJZ1qQ"
1 < Via: 1.1 vegur
1 < CF-Cache-Status: HIT
1 < Age: 5074
1 < Server: cloudflare
1 < CF-RAY: 85d3d0782e6c1fe9-EZE
1 < alt-svc: h3=":443"; ma=86400
[
  {
    "id": 1,
    "name": "Leanne Graham",
    "username": "Bret",
    "email": "Sincere@april.biz",
    "address": {
      "street": "Kulas Light",
      "suite": "Apt. 556",
      "city": "Gwenborough",
      "zipcode": "92998-3874",
      "geo": {
        "lat": "-37.3159",
        "lng": "81.1496"
      }
    },
    "phone": "1-770-736-8031 x56442",
    "website": "hildegard.org",
    "company": {
      "name": "Romaguera-Crona",
      "catchPhrase": "Multi-layered client-server neural-net",
      "bs": "harness real-time e-markets"
    }
  },
  {
    "id": 2,
    "name": "Ervin Howell",
    "username": "Antonette",
    "email": "Shanna@melissa.tv",
    "address": {
      "street": "Victor Plains",
      "suite": "Suite 879",
      "city": "Wisokyburgh",
      "zipcode": "90566-7771",
      "geo": {
        "lat": "-43.9509",
        "lng": "-34.4618"
      }
    },
    "phone": "010-692-6593 x09125",
    "website": "anastasia.net",
    "company": {
      "name": "Deckow-Crist",
      "catchPhrase": "Proactive didactic contingency",
      "bs": "synergize scalable supply-chains"
    }
  },
  {
    "id": 3,
    "name": "Clementine Bauch",
    "username": "Samantha",
    "email": "Nathan@yesenia.net",
    "address": {
      "street": "Douglas Extension",
      "suite": "Suite 847",
      "city": "McKenziehaven",
      "zipcode": "59590-4157",
      "geo": {
        "lat": "-68.6102",
        "lng": "-47.0653"
      }
    },
    "phone": "1-463-123-4447",
    "website": "ramiro.info",
    "company": {
      "name": "Romaguera-Jacobson",
      "catchPhrase": "Face to face bifurcated interface",
      "bs": "e-enable strategic applications"
    }
  },
  {
    "id": 4,
    "name": "Patricia Lebsack",
    "username": "Karianne",
    "email": "Julianne.OConner@kory.org",
    "address": {
      "street": "Hoeger Mall",
      "suite": "Apt. 692",
      "city": "South Elvis",
      "zipcode": "53919-4257",
      "geo": {
        "lat": "29.4572",
        "lng": "-164.2990"
      }
    },
    "phone": "493-170-9623 x156",
    "website": "kale.biz",
    "company": {
      "name": "Robel-Corkery",
      "catchPhrase": "Multi-tiered zero tolerance productivity",
      "bs": "transition cutting-edge web services"
    }
  },
  {
    "id": 5,
    "name": "Chelsey Dietrich",
    "username": "Kamren",
    "email": "Lucio_Hettinger@annie.ca",
    "address": {
      "street": "Skiles Walks",
      "suite": "Suite 351",
      "city": "Roscoeview",
      "zipcode": "33263",
      "geo": {
        "lat": "-31.8129",
        "lng": "62.5342"
      }
    },
    "phone": "(254)954-1289",
    "website": "demarco.info",
    "company": {
      "name": "Keebler LLC",
      "catchPhrase": "User-centric fault-tolerant solution",
      "bs": "revolutionize end-to-end systems"
    }
  },
  {
    "id": 6,
    "name": "Mrs. Dennis Schulist",
    "username": "Leopoldo_Corkery",
    "email": "Karley_Dach@jasper.info",
    "address": {
      "street": "Norberto Crossing",
      "suite": "Apt. 950",
      "city": "South Christy",
      "zipcode": "23505-1337",
      "geo": {
        "lat": "-71.4197",
        "lng": "71.7478"
      }
    },
    "phone": "1-477-935-8478 x6430",
    "website": "ola.org",
    "company": {
      "name": "Considine-Lockman",
      "catchPhrase": "Synchronised bottom-line interface",
      "bs": "e-enable innovative applications"
    }
  },
  {
    "id": 7,
    "name": "Kurtis Weissnat",
    "username": "Elwyn.Skiles",
    "email": "Telly.Hoeger@billy.biz",
    "address": {
      "street": "Rex Trail",
      "suite": "Suite 280",
      "city": "Howemouth",
      "zipcode": "58804-1099",
      "geo": {
        "lat": "24.8918",
        "lng": "21.8984"
      }
    },
    "phone": "210.067.6132",
    "website": "elvis.io",
    "company": {
      "name": "Johns Group",
      "catchPhrase": "Configurable multimedia task-force",
      "bs": "generate enterprise e-tailers"
    }
  },
  {
    "id": 8,
    "name": "Nicholas Runolfsdottir V",
    "username": "Maxime_Nienow",
    "email": "Sherwood@rosamond.me",
    "address": {
      "street": "Ellsworth Summit",
      "suite": "Suite 729",
      "city": "Aliyaview",
      "zipcode": "45169",
      "geo": {
        "lat": "-14.3990",
        "lng": "-120.7677"
      }
    },
    "phone": "586.493.6943 x140",
    "website": "jacynthe.com",
    "company": {
      "name": "Abernathy Group",
      "catchPhrase": "Implemented secondary concept",
      "bs": "e-enable extensible e-tailers"
    }
  },
  {
    "id": 9,
    "name": "Glenna Reichert",
    "username": "Delphine",
    "email": "Chaim_McDermott@dana.io",
    "address": {
      "street": "Dayna Park",
      "suite": "Suite 449",
      "city": "Bartholomebury",
      "zipcode": "76495-3109",
      "geo": {
        "lat": "24.6463",
        "lng": "-168.8889"
      }
    },
    "phone": "(775)976-6794 x41206",
    "website": "conrad.com",
    "company": {
      "name": "Yost and Sons",
      "catchPhrase": "Switchable contextually-based project",
      "bs": "aggregate real-time technologies"
    }
  },
  {
    "id": 10,
    "name": "Clementina DuBuque",
    "username": "Moriah.Stanton",
    "email": "Rey.Padberg@karina.biz",
    "address": {
      "street": "Kattie Turnpike",
      "suite": "Suite 198",
      "city": "Lebsackbury",
      "zipcode": "31428-2261",
      "geo": {
        "lat": "-38.2386",
        "lng": "57.2232"
      }
    },
    "phone": "024-648-3804",
    "website": "ambrose.net",
    "company": {
      "name": "Hoeger LLC",
      "catchPhrase": "Centralized empowering task-force",
      "bs": "target end-to-end models"
    }
  }
]

15:56:30.649 [pool-2-thread-2] DEBUG com.intuit.karate - request:
2 > GET https://jsonplaceholder.typicode.com/users/1
2 > Host: jsonplaceholder.typicode.com
2 > Connection: Keep-Alive
2 > User-Agent: Apache-HttpClient/4.5.14 (Java/21.0.2)
2 > Accept-Encoding: gzip,deflate


15:56:30.784 [pool-2-thread-3] DEBUG com.intuit.karate - response time in milliseconds: 2239
1 < 201
1 < Date: Thu, 29 Feb 2024 20:56:30 GMT
1 < Content-Type: application/json; charset=utf-8
1 < Content-Length: 216
1 < Connection: keep-alive
1 < Report-To: {"group":"heroku-nel","max_age":3600,"endpoints":[{"url":"https://nel.heroku.com/reports?ts=1709240190&sid=e11707d5-02a7-43ef-b45e-2cf4d2036f7d&s=8c8K9RLL0RdMq5Ryb0Dgh%2FcyD0agMeY9R6pIH7dXmxk%3D"}]}
1 < Reporting-Endpoints: heroku-nel=https://nel.heroku.com/reports?ts=1709240190&sid=e11707d5-02a7-43ef-b45e-2cf4d2036f7d&s=8c8K9RLL0RdMq5Ryb0Dgh%2FcyD0agMeY9R6pIH7dXmxk%3D
1 < Nel: {"report_to":"heroku-nel","max_age":3600,"success_fraction":0.005,"failure_fraction":0.05,"response_headers":["Via"]}
1 < X-Powered-By: Express
1 < X-Ratelimit-Limit: 1000
1 < X-Ratelimit-Remaining: 999
1 < X-Ratelimit-Reset: 1709240231
1 < Vary: Origin, X-HTTP-Method-Override, Accept-Encoding
1 < Access-Control-Allow-Credentials: true
1 < Cache-Control: no-cache
1 < Pragma: no-cache
1 < Expires: -1
1 < Access-Control-Expose-Headers: Location
1 < Location: https://jsonplaceholder.typicode.com/users/11
1 < X-Content-Type-Options: nosniff
1 < Etag: W/"d8-pYV7+YuMGP2hxHPU9ARrf97ifDA"
1 < Via: 1.1 vegur
1 < CF-Cache-Status: DYNAMIC
1 < Server: cloudflare
1 < CF-RAY: 85d3d0782eb82025-EZE
1 < alt-svc: h3=":443"; ma=86400
{
  "name": "Test User",
  "username": "testuser",
  "email": "test@user.com",
  "address": {
    "street": "Has No Name",
    "suite": "Apt. 123",
    "city": "Electri",
    "zipcode": "54321-6789"
  },
  "id": 11
}

15:56:30.789 [pool-2-thread-3] INFO  com.intuit.karate - [print] created id is:  11 
15:56:31.074 [pool-2-thread-2] DEBUG com.intuit.karate - response time in milliseconds: 424
2 < 200
2 < Date: Thu, 29 Feb 2024 20:56:31 GMT
2 < Content-Type: application/json; charset=utf-8
2 < Transfer-Encoding: chunked
2 < Connection: keep-alive
2 < Report-To: {"group":"heroku-nel","max_age":3600,"endpoints":[{"url":"https://nel.heroku.com/reports?ts=1708715153&sid=e11707d5-02a7-43ef-b45e-2cf4d2036f7d&s=0stdkC3Km4WTn1lP9q83alN16C0QWXTo6TNdGkRSrLo%3D"}]}
2 < Reporting-Endpoints: heroku-nel=https://nel.heroku.com/reports?ts=1708715153&sid=e11707d5-02a7-43ef-b45e-2cf4d2036f7d&s=0stdkC3Km4WTn1lP9q83alN16C0QWXTo6TNdGkRSrLo%3D
2 < Nel: {"report_to":"heroku-nel","max_age":3600,"success_fraction":0.005,"failure_fraction":0.05,"response_headers":["Via"]}
2 < X-Powered-By: Express
2 < X-Ratelimit-Limit: 1000
2 < X-Ratelimit-Remaining: 999
2 < X-Ratelimit-Reset: 1708715201
2 < Vary: Origin, Accept-Encoding
2 < Access-Control-Allow-Credentials: true
2 < Cache-Control: max-age=43200
2 < Pragma: no-cache
2 < Expires: -1
2 < X-Content-Type-Options: nosniff
2 < Etag: W/"1fd-+2Y3G3w049iSZtw5t1mzSnunngE"
2 < Via: 1.1 vegur
2 < CF-Cache-Status: HIT
2 < Age: 13416
2 < Server: cloudflare
2 < CF-RAY: 85d3d07aeb311fd7-EZE
2 < alt-svc: h3=":443"; ma=86400
{
  "id": 1,
  "name": "Leanne Graham",
  "username": "Bret",
  "email": "Sincere@april.biz",
  "address": {
    "street": "Kulas Light",
    "suite": "Apt. 556",
    "city": "Gwenborough",
    "zipcode": "92998-3874",
    "geo": {
      "lat": "-37.3159",
      "lng": "81.1496"
    }
  },
  "phone": "1-770-736-8031 x56442",
  "website": "hildegard.org",
  "company": {
    "name": "Romaguera-Crona",
    "catchPhrase": "Multi-layered client-server neural-net",
    "bs": "harness real-time e-markets"
  }
}

15:56:31.572 [pool-2-thread-1] DEBUG com.intuit.karate - response time in milliseconds: 1852
2 < 200
2 < Server: safaridriver [17617.2.4.11.12]
2 < Content-Type: application/json; charset=utf-8
2 < Date: Thu, 29 Feb 2024 20:56:31 GMT
2 < Accept-Ranges: bytes
2 < Content-Length: 14
2 < Cache-Control: no-cache
2 < Connection: keep-alive
{"value":null}

15:57:22.172 [main] INFO  com.intuit.karate.Runner - using system property 'karate.options': --tags @debug
15:57:22.863 [main] DEBUG com.intuit.karate.Suite - [config] classpath:karate-config.js
15:57:23.747 [main] INFO  com.intuit.karate - karate.env system property was: null 
15:57:23.854 [main] DEBUG com.intuit.karate.shell.Command - found / verified free local port: 9222
15:57:23.856 [chrome_1709240243839] DEBUG c.i.k.driver.chrome_1709240243839 - command: [/Applications/Google Chrome.app/Contents/MacOS/Google Chrome, --remote-debugging-port=9222, --remote-allow-origins=*, --no-first-run, --user-data-dir=/Users/ricardo.vasquez/Documents/karate/myproject/target/chrome_1709240243839, --disable-popup-blocking], working dir: target/chrome_1709240243839
15:57:23.860 [main] DEBUG c.i.k.driver.chrome_1709240243839 - poll attempt #0 for port to be ready - localhost:9222
15:57:24.114 [main] DEBUG c.i.k.driver.chrome_1709240243839 - poll attempt #1 for port to be ready - localhost:9222
15:57:24.371 [main] DEBUG c.i.k.driver.chrome_1709240243839 - poll attempt #2 for port to be ready - localhost:9222
15:57:24.622 [main] DEBUG c.i.k.driver.chrome_1709240243839 - poll attempt #3 for port to be ready - localhost:9222
15:57:24.734 [chrome_1709240243839-out] DEBUG c.i.k.driver.chrome_1709240243839 - [60730:46339:0229/155724.734494:ERROR:trust_store_mac.cc(752)] Error parsing certificate:
15:57:24.735 [chrome_1709240243839-out] DEBUG c.i.k.driver.chrome_1709240243839 - ERROR: Failed parsing extensions
15:57:24.735 [chrome_1709240243839-out] DEBUG c.i.k.driver.chrome_1709240243839 - 
15:57:24.768 [chrome_1709240243839-out] DEBUG c.i.k.driver.chrome_1709240243839 - 
15:57:24.771 [chrome_1709240243839-out] DEBUG c.i.k.driver.chrome_1709240243839 - DevTools listening on ws://127.0.0.1:9222/devtools/browser/067b9c4b-5a3d-4f2b-a45c-c348c9605c34
15:57:24.874 [main] DEBUG c.i.k.driver.chrome_1709240243839 - poll attempt #4 for port to be ready - localhost:9222
15:57:25.576 [main] DEBUG com.intuit.karate - request:
1 > GET http://localhost:9222/json
1 > Host: localhost:9222
1 > Connection: Keep-Alive
1 > User-Agent: Apache-HttpClient/4.5.14 (Java/21.0.2)
1 > Accept-Encoding: gzip,deflate


15:57:25.617 [main] DEBUG com.intuit.karate - response time in milliseconds: 35
1 < 200
1 < Content-Security-Policy: frame-ancestors 'none'
1 < Content-Length: 1242
1 < Content-Type: application/json; charset=UTF-8
[ {
   "description": "",
   "devtoolsFrontendUrl": "/devtools/inspector.html?ws=localhost:9222/devtools/page/CA5850F946EE23AF763B9758A5725DDD",
   "id": "CA5850F946EE23AF763B9758A5725DDD",
   "title": "Google Network Speech",
   "type": "background_page",
   "url": "chrome-extension://neajdppkdcdipfabeoofebfddakdcjhd/_generated_background_page.html",
   "webSocketDebuggerUrl": "ws://localhost:9222/devtools/page/CA5850F946EE23AF763B9758A5725DDD"
}, {
   "description": "",
   "devtoolsFrontendUrl": "/devtools/inspector.html?ws=localhost:9222/devtools/page/796C20755FC7244E889C10B312DA1508",
   "id": "796C20755FC7244E889C10B312DA1508",
   "title": "Google Hangouts",
   "type": "background_page",
   "url": "chrome-extension://nkeimhogjdpnpccoofpliimaahmaaome/background.html",
   "webSocketDebuggerUrl": "ws://localhost:9222/devtools/page/796C20755FC7244E889C10B312DA1508"
}, {
   "description": "",
   "devtoolsFrontendUrl": "/devtools/inspector.html?ws=localhost:9222/devtools/page/FE46E0732CF05702CC1B56CCFC6F2D5F",
   "id": "FE46E0732CF05702CC1B56CCFC6F2D5F",
   "title": "New Tab",
   "type": "page",
   "url": "chrome://newtab/",
   "webSocketDebuggerUrl": "ws://localhost:9222/devtools/page/FE46E0732CF05702CC1B56CCFC6F2D5F"
} ]


15:57:25.631 [main] DEBUG com.intuit.karate.shell.Command - ready to accept http connections after 666 ms - http://localhost:9222/json
15:57:25.637 [main] DEBUG com.intuit.karate - request:
1 > GET http://localhost:9222/json
1 > Host: localhost:9222
1 > Connection: Keep-Alive
1 > User-Agent: Apache-HttpClient/4.5.14 (Java/21.0.2)
1 > Accept-Encoding: gzip,deflate


15:57:25.641 [main] DEBUG com.intuit.karate - response time in milliseconds: 4
1 < 200
1 < Content-Security-Policy: frame-ancestors 'none'
1 < Content-Length: 1242
1 < Content-Type: application/json; charset=UTF-8
[ {
   "description": "",
   "devtoolsFrontendUrl": "/devtools/inspector.html?ws=localhost:9222/devtools/page/CA5850F946EE23AF763B9758A5725DDD",
   "id": "CA5850F946EE23AF763B9758A5725DDD",
   "title": "Google Network Speech",
   "type": "background_page",
   "url": "chrome-extension://neajdppkdcdipfabeoofebfddakdcjhd/_generated_background_page.html",
   "webSocketDebuggerUrl": "ws://localhost:9222/devtools/page/CA5850F946EE23AF763B9758A5725DDD"
}, {
   "description": "",
   "devtoolsFrontendUrl": "/devtools/inspector.html?ws=localhost:9222/devtools/page/796C20755FC7244E889C10B312DA1508",
   "id": "796C20755FC7244E889C10B312DA1508",
   "title": "Google Hangouts",
   "type": "background_page",
   "url": "chrome-extension://nkeimhogjdpnpccoofpliimaahmaaome/background.html",
   "webSocketDebuggerUrl": "ws://localhost:9222/devtools/page/796C20755FC7244E889C10B312DA1508"
}, {
   "description": "",
   "devtoolsFrontendUrl": "/devtools/inspector.html?ws=localhost:9222/devtools/page/FE46E0732CF05702CC1B56CCFC6F2D5F",
   "id": "FE46E0732CF05702CC1B56CCFC6F2D5F",
   "title": "New Tab",
   "type": "page",
   "url": "chrome://newtab/",
   "webSocketDebuggerUrl": "ws://localhost:9222/devtools/page/FE46E0732CF05702CC1B56CCFC6F2D5F"
} ]


15:57:25.648 [main] DEBUG c.i.k.driver.chrome_1709240243839 - root frame id: FE46E0732CF05702CC1B56CCFC6F2D5F
15:57:25.946 [nioEventLoopGroup-2-1] DEBUG c.i.k.http.WebSocketClientHandler - websocket client connected
15:57:25.948 [main] DEBUG c.i.k.driver.chrome_1709240243839 - >> {"id":1,"method":"Target.attachToTarget","params":{"targetId":"FE46E0732CF05702CC1B56CCFC6F2D5F","flatten":true}}
15:57:25.966 [nioEventLoopGroup-2-1] DEBUG c.i.k.driver.chrome_1709240243839 - << {"method":"Target.attachedToTarget","params":{"sessionId":"5D93DDB4DDCA7BDD75630E43D3B5DA5C","targetInfo":{"targetId":"FE46E0732CF05702CC1B56CCFC6F2D5F","type":"page","title":"New Tab","url":"chrome://newtab/","attached":true,"canAccessOpener":false,"browserContextId":"41004D857EE8787F605356B23089117E"},"waitingForDebugger":false}}
15:57:25.967 [nioEventLoopGroup-2-1] DEBUG c.i.k.driver.chrome_1709240243839 - << {"id":1,"result":{"sessionId":"5D93DDB4DDCA7BDD75630E43D3B5DA5C"}}
15:57:25.968 [main] DEBUG c.i.k.driver.chrome_1709240243839 - >> {"id":2,"sessionId":"5D93DDB4DDCA7BDD75630E43D3B5DA5C","method":"Target.activateTarget","params":{"targetId":"FE46E0732CF05702CC1B56CCFC6F2D5F"}}
15:57:25.972 [nioEventLoopGroup-2-1] DEBUG c.i.k.driver.chrome_1709240243839 - << {"id":2,"result":{},"sessionId":"5D93DDB4DDCA7BDD75630E43D3B5DA5C"}
15:57:25.973 [main] DEBUG c.i.k.driver.chrome_1709240243839 - >> {"id":3,"sessionId":"5D93DDB4DDCA7BDD75630E43D3B5DA5C","method":"Target.setDiscoverTargets","params":{"discover":true}}
15:57:25.975 [nioEventLoopGroup-2-1] DEBUG c.i.k.driver.chrome_1709240243839 - << {"method":"Target.targetCreated","params":{"targetInfo":{"targetId":"796C20755FC7244E889C10B312DA1508","type":"background_page","title":"Google Hangouts","url":"chrome-extension://nkeimhogjdpnpccoofpliimaahmaaome/background.html","attached":false,"canAccessOpener":false,"browserContextId":"41004D857EE8787F605356B23089117E"}},"sessionId":"5D93DDB4DDCA7BDD75630E43D3B5DA5C"}
15:57:25.976 [nioEventLoopGroup-2-1] DEBUG c.i.k.driver.chrome_1709240243839 - << {"method":"Target.targetCreated","params":{"targetInfo":{"targetId":"CA5850F946EE23AF763B9758A5725DDD","type":"background_page","title":"Google Network Speech","url":"chrome-extension://neajdppkdcdipfabeoofebfddakdcjhd/_generated_background_page.html","attached":false,"canAccessOpener":false,"browserContextId":"41004D857EE8787F605356B23089117E"}},"sessionId":"5D93DDB4DDCA7BDD75630E43D3B5DA5C"}
15:57:25.977 [nioEventLoopGroup-2-1] DEBUG c.i.k.driver.chrome_1709240243839 - << {"method":"Target.targetCreated","params":{"targetInfo":{"targetId":"FE46E0732CF05702CC1B56CCFC6F2D5F","type":"page","title":"New Tab","url":"chrome://newtab/","attached":true,"canAccessOpener":false,"browserContextId":"41004D857EE8787F605356B23089117E"}},"sessionId":"5D93DDB4DDCA7BDD75630E43D3B5DA5C"}
15:57:25.978 [nioEventLoopGroup-2-1] DEBUG c.i.k.driver.chrome_1709240243839 - << {"id":3,"result":{},"sessionId":"5D93DDB4DDCA7BDD75630E43D3B5DA5C"}
15:57:25.978 [main] DEBUG c.i.k.driver.chrome_1709240243839 - >> {"id":4,"sessionId":"5D93DDB4DDCA7BDD75630E43D3B5DA5C","method":"Page.enable"}
15:57:25.980 [nioEventLoopGroup-2-1] DEBUG c.i.k.driver.chrome_1709240243839 - << {"id":4,"result":{},"sessionId":"5D93DDB4DDCA7BDD75630E43D3B5DA5C"}
15:57:25.981 [main] DEBUG c.i.k.driver.chrome_1709240243839 - >> {"id":5,"sessionId":"5D93DDB4DDCA7BDD75630E43D3B5DA5C","method":"Runtime.enable"}
15:57:25.984 [nioEventLoopGroup-2-1] DEBUG c.i.k.driver.chrome_1709240243839 - << {"method":"Runtime.executionContextCreated","params":{"context":{"id":3,"origin":"chrome://new-tab-page","name":"","uniqueId":"-3333089377073645597.-6182559721048555106","auxData":{"isDefault":true,"type":"default","frameId":"AD3848DEBCB4FFE65757926D8AED4CF3"}}},"sessionId":"5D93DDB4DDCA7BDD75630E43D3B5DA5C"}
15:57:25.985 [nioEventLoopGroup-2-1] DEBUG c.i.k.driver.chrome_1709240243839 - << {"method":"Runtime.executionContextCreated","params":{"context":{"id":2,"origin":"chrome://new-tab-page","name":"","uniqueId":"-8415383061956330644.5491314238387177557","auxData":{"isDefault":true,"type":"default","frameId":"1B4CD7AFB7EA4588BB2121584885AFD4"}}},"sessionId":"5D93DDB4DDCA7BDD75630E43D3B5DA5C"}
15:57:25.986 [nioEventLoopGroup-2-1] DEBUG c.i.k.driver.chrome_1709240243839 - << {"method":"Runtime.executionContextCreated","params":{"context":{"id":1,"origin":"chrome://new-tab-page","name":"","uniqueId":"-5318233751568633087.-4750803408910247180","auxData":{"isDefault":true,"type":"default","frameId":"FE46E0732CF05702CC1B56CCFC6F2D5F"}}},"sessionId":"5D93DDB4DDCA7BDD75630E43D3B5DA5C"}
15:57:25.987 [nioEventLoopGroup-2-1] DEBUG c.i.k.driver.chrome_1709240243839 - << {"id":5,"result":{},"sessionId":"5D93DDB4DDCA7BDD75630E43D3B5DA5C"}
15:57:25.987 [main] DEBUG c.i.k.driver.chrome_1709240243839 - >> {"id":6,"sessionId":"5D93DDB4DDCA7BDD75630E43D3B5DA5C","method":"Browser.getWindowForTarget","params":{"targetId":"FE46E0732CF05702CC1B56CCFC6F2D5F"}}
15:57:25.988 [nioEventLoopGroup-2-1] DEBUG c.i.k.driver.chrome_1709240243839 - << {"id":6,"result":{"windowId":1095387765,"bounds":{"left":22,"top":47,"width":1200,"height":752,"windowState":"normal"}},"sessionId":"5D93DDB4DDCA7BDD75630E43D3B5DA5C"}
15:57:26.142 [main] DEBUG c.i.k.driver.chrome_1709240243839 - >> {"id":7,"sessionId":"5D93DDB4DDCA7BDD75630E43D3B5DA5C","method":"Page.navigate","params":{"url":"https:\/\/www.google.com"}}
15:57:26.148 [nioEventLoopGroup-2-1] DEBUG c.i.k.driver.chrome_1709240243839 - << {"method":"Page.frameStartedLoading","params":{"frameId":"FE46E0732CF05702CC1B56CCFC6F2D5F"},"sessionId":"5D93DDB4DDCA7BDD75630E43D3B5DA5C"}
15:57:26.362 [nioEventLoopGroup-2-1] DEBUG c.i.k.driver.chrome_1709240243839 - << {"method":"Target.targetCreated","params":{"targetInfo":{"targetId":"AD3848DEBCB4FFE65757926D8AED4CF3","type":"iframe","title":"","url":"","attached":false,"canAccessOpener":false,"browserContextId":"41004D857EE8787F605356B23089117E"}},"sessionId":"5D93DDB4DDCA7BDD75630E43D3B5DA5C"}
15:57:26.367 [nioEventLoopGroup-2-1] DEBUG c.i.k.driver.chrome_1709240243839 - << {"method":"Target.targetInfoChanged","params":{"targetInfo":{"targetId":"AD3848DEBCB4FFE65757926D8AED4CF3","type":"iframe","title":"chrome-untrusted://new-tab-page/one-google-bar?paramsencoded=","url":"chrome-untrusted://new-tab-page/one-google-bar?paramsencoded=","attached":false,"canAccessOpener":false,"browserContextId":"41004D857EE8787F605356B23089117E"}},"sessionId":"5D93DDB4DDCA7BDD75630E43D3B5DA5C"}
15:57:26.369 [nioEventLoopGroup-2-1] DEBUG c.i.k.driver.chrome_1709240243839 - << {"method":"Page.frameDetached","params":{"frameId":"AD3848DEBCB4FFE65757926D8AED4CF3","reason":"swap"},"sessionId":"5D93DDB4DDCA7BDD75630E43D3B5DA5C"}
15:57:26.370 [nioEventLoopGroup-2-1] DEBUG c.i.k.driver.chrome_1709240243839 - << {"method":"Runtime.executionContextDestroyed","params":{"executionContextId":3,"executionContextUniqueId":"-3333089377073645597.-6182559721048555106"},"sessionId":"5D93DDB4DDCA7BDD75630E43D3B5DA5C"}
15:57:26.418 [nioEventLoopGroup-2-1] DEBUG c.i.k.driver.chrome_1709240243839 - << {"id":7,"result":{"frameId":"FE46E0732CF05702CC1B56CCFC6F2D5F","loaderId":"83E7E8085DA5C340BB3D1C1E1C936CE5"},"sessionId":"5D93DDB4DDCA7BDD75630E43D3B5DA5C"}
15:57:26.420 [nioEventLoopGroup-2-1] DEBUG c.i.k.driver.chrome_1709240243839 - << {"method":"Runtime.executionContextsCleared","params":{},"sessionId":"5D93DDB4DDCA7BDD75630E43D3B5DA5C"}
15:57:26.423 [nioEventLoopGroup-2-1] DEBUG c.i.k.driver.chrome_1709240243839 - << {"method":"Page.frameDetached","params":{"frameId":"AD3848DEBCB4FFE65757926D8AED4CF3","reason":"remove"},"sessionId":"5D93DDB4DDCA7BDD75630E43D3B5DA5C"}
15:57:26.425 [nioEventLoopGroup-2-1] DEBUG c.i.k.driver.chrome_1709240243839 - << {"method":"Target.targetDestroyed","params":{"targetId":"AD3848DEBCB4FFE65757926D8AED4CF3"},"sessionId":"5D93DDB4DDCA7BDD75630E43D3B5DA5C"}
15:57:26.426 [nioEventLoopGroup-2-1] DEBUG c.i.k.driver.chrome_1709240243839 - << {"method":"Target.targetInfoChanged","params":{"targetInfo":{"targetId":"FE46E0732CF05702CC1B56CCFC6F2D5F","type":"page","title":"google.com","url":"https://www.google.com/","attached":true,"canAccessOpener":false,"browserContextId":"41004D857EE8787F605356B23089117E"}},"sessionId":"5D93DDB4DDCA7BDD75630E43D3B5DA5C"}
15:57:26.427 [chrome_1709240243839-out] DEBUG c.i.k.driver.chrome_1709240243839 - [60738:259:0229/155726.426970:ERROR:shared_image_manager.cc(275)] SharedImageManager::ProduceOverlay: Trying to Produce a Overlay representation from a non-existent mailbox.
15:57:26.428 [chrome_1709240243839-out] DEBUG c.i.k.driver.chrome_1709240243839 - [60738:259:0229/155726.427011:ERROR:skia_output_device_buffer_queue.cc(372)] Invalid mailbox.
15:57:26.428 [nioEventLoopGroup-2-1] DEBUG c.i.k.driver.chrome_1709240243839 - << {"method":"Runtime.executionContextsCleared","params":{},"sessionId":"5D93DDB4DDCA7BDD75630E43D3B5DA5C"}
15:57:26.428 [chrome_1709240243839-out] DEBUG c.i.k.driver.chrome_1709240243839 - [60738:259:0229/155726.427022:ERROR:shared_image_manager.cc(275)] SharedImageManager::ProduceOverlay: Trying to Produce a Overlay representation from a non-existent mailbox.
15:57:26.429 [chrome_1709240243839-out] DEBUG c.i.k.driver.chrome_1709240243839 - [60738:259:0229/155726.427030:ERROR:skia_output_device_buffer_queue.cc(372)] Invalid mailbox.
15:57:26.429 [chrome_1709240243839-out] DEBUG c.i.k.driver.chrome_1709240243839 - [60738:259:0229/155726.427041:ERROR:shared_image_manager.cc(275)] SharedImageManager::ProduceOverlay: Trying to Produce a Overlay representation from a non-existent mailbox.
15:57:26.431 [chrome_1709240243839-out] DEBUG c.i.k.driver.chrome_1709240243839 - [60738:259:0229/155726.427049:ERROR:skia_output_device_buffer_queue.cc(372)] Invalid mailbox.
15:57:26.429 [nioEventLoopGroup-2-1] DEBUG c.i.k.driver.chrome_1709240243839 - << {"method":"Page.frameNavigated","params":{"frame":{"id":"FE46E0732CF05702CC1B56CCFC6F2D5F","loaderId":"83E7E8085DA5C340BB3D1C1E1C936CE5","url":"https://www.google.com/","domainAndRegistry":"google.com","securityOrigin":"https://www.google.com","mimeType":"text/html","adFrameStatus":{"adFrameType":"none"},"secureContextType":"Secure","crossOriginIsolatedContextType":"NotIsolated","gatedAPIFeatures":[]},"type":"Navigation"},"sessionId":"5D93DDB4DDCA7BDD75630E43D3B5DA5C"}
15:57:26.436 [chrome_1709240243839-out] DEBUG c.i.k.driver.chrome_1709240243839 - [60738:259:0229/155726.435742:ERROR:shared_image_manager.cc(275)] SharedImageManager::ProduceOverlay: Trying to Produce a Overlay representation from a non-existent mailbox.
15:57:26.437 [chrome_1709240243839-out] DEBUG c.i.k.driver.chrome_1709240243839 - [60738:259:0229/155726.435765:ERROR:skia_output_device_buffer_queue.cc(372)] Invalid mailbox.
15:57:26.437 [chrome_1709240243839-out] DEBUG c.i.k.driver.chrome_1709240243839 - [60738:259:0229/155726.435772:ERROR:shared_image_manager.cc(275)] SharedImageManager::ProduceOverlay: Trying to Produce a Overlay representation from a non-existent mailbox.
15:57:26.438 [nioEventLoopGroup-2-1] DEBUG c.i.k.driver.chrome_1709240243839 - << {"method":"Runtime.executionContextCreated","params":{"context":{"id":1,"origin":"https://www.google.com","name":"","uniqueId":"6819567086997964831.3367784144232572274","auxData":{"isDefault":true,"type":"default","frameId":"FE46E0732CF05702CC1B56CCFC6F2D5F"}}},"sessionId":"5D93DDB4DDCA7BDD75630E43D3B5DA5C"}
15:57:26.438 [chrome_1709240243839-out] DEBUG c.i.k.driver.chrome_1709240243839 - [60738:259:0229/155726.435777:ERROR:skia_output_device_buffer_queue.cc(372)] Invalid mailbox.
15:57:26.439 [chrome_1709240243839-out] DEBUG c.i.k.driver.chrome_1709240243839 - [60738:259:0229/155726.435783:ERROR:shared_image_manager.cc(275)] SharedImageManager::ProduceOverlay: Trying to Produce a Overlay representation from a non-existent mailbox.
15:57:26.439 [chrome_1709240243839-out] DEBUG c.i.k.driver.chrome_1709240243839 - [60738:259:0229/155726.435788:ERROR:skia_output_device_buffer_queue.cc(372)] Invalid mailbox.
15:57:26.447 [chrome_1709240243839-out] DEBUG c.i.k.driver.chrome_1709240243839 - [60738:259:0229/155726.447792:ERROR:shared_image_manager.cc(275)] SharedImageManager::ProduceOverlay: Trying to Produce a Overlay representation from a non-existent mailbox.
15:57:26.448 [chrome_1709240243839-out] DEBUG c.i.k.driver.chrome_1709240243839 - [60738:259:0229/155726.447815:ERROR:skia_output_device_buffer_queue.cc(372)] Invalid mailbox.
15:57:26.448 [chrome_1709240243839-out] DEBUG c.i.k.driver.chrome_1709240243839 - [60738:259:0229/155726.447826:ERROR:shared_image_manager.cc(275)] SharedImageManager::ProduceOverlay: Trying to Produce a Overlay representation from a non-existent mailbox.
15:57:26.448 [chrome_1709240243839-out] DEBUG c.i.k.driver.chrome_1709240243839 - [60738:259:0229/155726.447834:ERROR:skia_output_device_buffer_queue.cc(372)] Invalid mailbox.
15:57:26.449 [chrome_1709240243839-out] DEBUG c.i.k.driver.chrome_1709240243839 - [60738:259:0229/155726.447845:ERROR:shared_image_manager.cc(275)] SharedImageManager::ProduceOverlay: Trying to Produce a Overlay representation from a non-existent mailbox.
15:57:26.449 [chrome_1709240243839-out] DEBUG c.i.k.driver.chrome_1709240243839 - [60738:259:0229/155726.447851:ERROR:skia_output_device_buffer_queue.cc(372)] Invalid mailbox.
15:57:26.466 [chrome_1709240243839-out] DEBUG c.i.k.driver.chrome_1709240243839 - [60738:259:0229/155726.466681:ERROR:shared_image_manager.cc(275)] SharedImageManager::ProduceOverlay: Trying to Produce a Overlay representation from a non-existent mailbox.
15:57:26.467 [chrome_1709240243839-out] DEBUG c.i.k.driver.chrome_1709240243839 - [60738:259:0229/155726.466711:ERROR:skia_output_device_buffer_queue.cc(372)] Invalid mailbox.
15:57:26.467 [chrome_1709240243839-out] DEBUG c.i.k.driver.chrome_1709240243839 - [60738:259:0229/155726.466723:ERROR:shared_image_manager.cc(275)] SharedImageManager::ProduceOverlay: Trying to Produce a Overlay representation from a non-existent mailbox.
15:57:26.468 [chrome_1709240243839-out] DEBUG c.i.k.driver.chrome_1709240243839 - [60738:259:0229/155726.466735:ERROR:skia_output_device_buffer_queue.cc(372)] Invalid mailbox.
15:57:26.468 [chrome_1709240243839-out] DEBUG c.i.k.driver.chrome_1709240243839 - [60738:259:0229/155726.466746:ERROR:shared_image_manager.cc(275)] SharedImageManager::ProduceOverlay: Trying to Produce a Overlay representation from a non-existent mailbox.
15:57:26.468 [chrome_1709240243839-out] DEBUG c.i.k.driver.chrome_1709240243839 - [60738:259:0229/155726.466755:ERROR:skia_output_device_buffer_queue.cc(372)] Invalid mailbox.
15:57:26.925 [nioEventLoopGroup-2-1] DEBUG c.i.k.driver.chrome_1709240243839 - << {"method":"Target.targetInfoChanged","params":{"targetInfo":{"targetId":"FE46E0732CF05702CC1B56CCFC6F2D5F","type":"page","title":"Google","url":"https://www.google.com/","attached":true,"canAccessOpener":false,"browserContextId":"41004D857EE8787F605356B23089117E"}},"sessionId":"5D93DDB4DDCA7BDD75630E43D3B5DA5C"}
15:57:26.933 [nioEventLoopGroup-2-1] DEBUG c.i.k.driver.chrome_1709240243839 - << {"method":"Page.navigatedWithinDocument","params":{"frameId":"FE46E0732CF05702CC1B56CCFC6F2D5F","url":"https://www.google.com/"},"sessionId":"5D93DDB4DDCA7BDD75630E43D3B5DA5C"}
15:57:26.934 [nioEventLoopGroup-2-1] DEBUG c.i.k.driver.chrome_1709240243839 - << {"method":"Page.domContentEventFired","params":{"timestamp":30273.234519},"sessionId":"5D93DDB4DDCA7BDD75630E43D3B5DA5C"}
15:57:28.149 [nioEventLoopGroup-2-1] DEBUG c.i.k.driver.chrome_1709240243839 - << {"method":"Page.loadEventFired","params":{"timestamp":30274.450822},"sessionId":"5D93DDB4DDCA7BDD75630E43D3B5DA5C"}
15:57:28.150 [nioEventLoopGroup-2-1] DEBUG c.i.k.driver.chrome_1709240243839 - << {"method":"Page.frameStoppedLoading","params":{"frameId":"FE46E0732CF05702CC1B56CCFC6F2D5F"},"sessionId":"5D93DDB4DDCA7BDD75630E43D3B5DA5C"}
15:57:29.789 [nioEventLoopGroup-2-1] DEBUG c.i.k.driver.chrome_1709240243839 - << {"method":"Target.targetCreated","params":{"targetInfo":{"targetId":"8C25A19C63BBF6F92CD78D6FFEEFCA9C","type":"app","title":"Chrome Web Store Payments","url":"","attached":false,"canAccessOpener":false,"browserContextId":"41004D857EE8787F605356B23089117E"}},"sessionId":"5D93DDB4DDCA7BDD75630E43D3B5DA5C"}
15:57:29.833 [nioEventLoopGroup-2-1] DEBUG c.i.k.driver.chrome_1709240243839 - << {"method":"Target.targetCreated","params":{"targetInfo":{"targetId":"1B1B732378AC0CFA440C0DFE4CD8C434","type":"other","title":"","url":"","attached":false,"canAccessOpener":false,"browserContextId":"41004D857EE8787F605356B23089117E"}},"sessionId":"5D93DDB4DDCA7BDD75630E43D3B5DA5C"}
15:57:29.888 [nioEventLoopGroup-2-1] DEBUG c.i.k.driver.chrome_1709240243839 - << {"method":"Target.targetInfoChanged","params":{"targetInfo":{"targetId":"8C25A19C63BBF6F92CD78D6FFEEFCA9C","type":"background_page","title":"Chrome Web Store Payments","url":"chrome-extension://nmmhkkegccagdldgiimedpiccmgmieda/_generated_background_page.html","attached":false,"canAccessOpener":false,"browserContextId":"41004D857EE8787F605356B23089117E"}},"sessionId":"5D93DDB4DDCA7BDD75630E43D3B5DA5C"}
15:57:29.922 [nioEventLoopGroup-2-1] DEBUG c.i.k.driver.chrome_1709240243839 - << {"method":"Target.targetInfoChanged","params":{"targetInfo":{"targetId":"1B1B732378AC0CFA440C0DFE4CD8C434","type":"background_page","title":"Google Docs Offline","url":"chrome-extension://ghbmnnjooekpmoecnnnilnnbdlolhkhi/_generated_background_page.html","attached":false,"canAccessOpener":false,"browserContextId":"41004D857EE8787F605356B23089117E"}},"sessionId":"5D93DDB4DDCA7BDD75630E43D3B5DA5C"}
15:57:32.719 [nioEventLoopGroup-2-1] DEBUG c.i.k.driver.chrome_1709240243839 - << {"method":"Target.targetCreated","params":{"targetInfo":{"targetId":"BE51DB297F60E207E881F483BE59AE53","type":"service_worker","title":"Service Worker chrome-extension://callobklhcbilhphinckomhgkigmfocg/background_service_worker.js","url":"chrome-extension://callobklhcbilhphinckomhgkigmfocg/background_service_worker.js","attached":false,"canAccessOpener":false,"browserContextId":"41004D857EE8787F605356B23089117E"}},"sessionId":"5D93DDB4DDCA7BDD75630E43D3B5DA5C"}
15:57:32.961 [nioEventLoopGroup-2-1] DEBUG c.i.k.driver.chrome_1709240243839 - << {"method":"Target.targetCreated","params":{"targetInfo":{"targetId":"C17F882AB522DE7E2FBCB5D59861EAC9","type":"other","title":"","url":"","attached":false,"canAccessOpener":false,"browserContextId":"41004D857EE8787F605356B23089117E"}},"sessionId":"5D93DDB4DDCA7BDD75630E43D3B5DA5C"}
15:57:32.972 [nioEventLoopGroup-2-1] DEBUG c.i.k.driver.chrome_1709240243839 - << {"method":"Target.targetInfoChanged","params":{"targetInfo":{"targetId":"C17F882AB522DE7E2FBCB5D59861EAC9","type":"page","title":"chrome-extension://callobklhcbilhphinckomhgkigmfocg/offscreen.html","url":"chrome-extension://callobklhcbilhphinckomhgkigmfocg/offscreen.html","attached":false,"canAccessOpener":false,"browserContextId":"41004D857EE8787F605356B23089117E"}},"sessionId":"5D93DDB4DDCA7BDD75630E43D3B5DA5C"}
15:57:33.424 [chrome_1709240243839-out] DEBUG c.i.k.driver.chrome_1709240243839 - [60730:34307:0229/155733.424360:ERROR:registration_request.cc(291)] Registration response error message: PHONE_REGISTRATION_ERROR
15:57:33.428 [chrome_1709240243839-out] DEBUG c.i.k.driver.chrome_1709240243839 - [60730:34307:0229/155733.427959:ERROR:registration_request.cc(291)] Registration response error message: PHONE_REGISTRATION_ERROR
15:57:33.824 [chrome_1709240243839-out] DEBUG c.i.k.driver.chrome_1709240243839 - [60730:34307:0229/155733.824831:ERROR:mcs_client.cc(701)]   Error code: 401  Error message: Authentication Failed: wrong_secret
15:57:33.825 [chrome_1709240243839-out] DEBUG c.i.k.driver.chrome_1709240243839 - [60730:34307:0229/155733.824854:ERROR:mcs_client.cc(703)] Failed to log in to GCM, resetting connection.
15:57:34.115 [chrome_1709240243839-out] DEBUG c.i.k.driver.chrome_1709240243839 - [60730:34307:0229/155734.115787:ERROR:registration_request.cc(291)] Registration response error message: PHONE_REGISTRATION_ERROR
15:57:34.118 [chrome_1709240243839-out] DEBUG c.i.k.driver.chrome_1709240243839 - [60730:34307:0229/155734.118717:ERROR:registration_request.cc(291)] Registration response error message: PHONE_REGISTRATION_ERROR
15:57:34.958 [main] DEBUG c.i.k.driver.chrome_1709240243839 - >> {"id":8,"sessionId":"5D93DDB4DDCA7BDD75630E43D3B5DA5C","method":"Target.closeTarget","params":{"targetId":"FE46E0732CF05702CC1B56CCFC6F2D5F"}}
15:57:34.961 [nioEventLoopGroup-2-1] DEBUG c.i.k.driver.chrome_1709240243839 - << {"id":8,"result":{"success":true},"sessionId":"5D93DDB4DDCA7BDD75630E43D3B5DA5C"}
15:57:34.965 [nioEventLoopGroup-2-1] DEBUG c.i.k.http.WebSocketClientHandler - websocket closing
15:57:34.966 [nioEventLoopGroup-2-1] DEBUG c.i.k.http.WebSocketClientHandler - websocket client disconnected
15:57:34.968 [main] DEBUG com.intuit.karate.shell.Command - closing command: chrome_1709240243839
15:57:35.004 [chrome_1709240243839] WARN  com.intuit.karate.shell.Command - exit code was non-zero: 137 - [/Applications/Google Chrome.app/Contents/MacOS/Google Chrome, --remote-debugging-port=9222, --remote-allow-origins=*, --no-first-run, --user-data-dir=/Users/ricardo.vasquez/Documents/karate/myproject/target/chrome_1709240243839, --disable-popup-blocking] working dir: target/chrome_1709240243839
15:57:35.587 [main] INFO  com.intuit.karate.Suite - <<pass>> feature 1 of 2 (0 remaining) classpath:examples/tests/test.feature
15:57:35.590 [main] DEBUG com.intuit.karate.Suite - waiting for 2 features to complete
